2023-11-02T01:03:28.502+03:00  INFO 10444 --- [SpringApplicationShutdownHook] j.LocalContainerEntityManagerFactoryBean : Closing JPA EntityManagerFactory for persistence unit 'default'
2023-11-02T01:03:28.509+03:00  INFO 10444 --- [SpringApplicationShutdownHook] com.zaxxer.hikari.HikariDataSource       : HikariPool-1 - Shutdown initiated...
2023-11-02T01:03:28.517+03:00  INFO 10444 --- [SpringApplicationShutdownHook] com.zaxxer.hikari.HikariDataSource       : HikariPool-1 - Shutdown completed.
2023-11-02T10:39:57.302+03:00  INFO 16680 --- [main] com.example.ToriApi.ToriApiApplication   : Starting ToriApiApplication using Java 19.0.1 with PID 16680 (C:\Users\Bulat\Downloads\ToriApi\ToriApi\target\classes started by Bulat in C:\Users\Bulat\Downloads\ToriApi\ToriApi)
2023-11-02T10:39:57.305+03:00  INFO 16680 --- [main] com.example.ToriApi.ToriApiApplication   : No active profile set, falling back to 1 default profile: "default"
2023-11-02T10:39:57.446+03:00  INFO 16680 --- [main] .s.b.d.c.l.DockerComposeLifecycleManager : Using Docker Compose file 'C:\Users\Bulat\Downloads\ToriApi\ToriApi\compose.yaml'
2023-11-02T10:40:01.367+03:00  INFO 16680 --- [main] .s.d.r.c.RepositoryConfigurationDelegate : Bootstrapping Spring Data JPA repositories in DEFAULT mode.
2023-11-02T10:40:01.430+03:00  INFO 16680 --- [main] .s.d.r.c.RepositoryConfigurationDelegate : Finished Spring Data repository scanning in 54 ms. Found 3 JPA repository interfaces.
2023-11-02T10:40:02.180+03:00  INFO 16680 --- [main] o.s.b.w.embedded.tomcat.TomcatWebServer  : Tomcat initialized with port(s): 8080 (http)
2023-11-02T10:40:02.200+03:00  INFO 16680 --- [main] o.apache.catalina.core.StandardService   : Starting service [Tomcat]
2023-11-02T10:40:02.202+03:00  INFO 16680 --- [main] o.apache.catalina.core.StandardEngine    : Starting Servlet engine: [Apache Tomcat/10.1.13]
2023-11-02T10:40:02.342+03:00  INFO 16680 --- [main] o.a.c.c.C.[Tomcat].[localhost].[/]       : Initializing Spring embedded WebApplicationContext
2023-11-02T10:40:02.342+03:00  INFO 16680 --- [main] w.s.c.ServletWebServerApplicationContext : Root WebApplicationContext: initialization completed in 2230 ms
2023-11-02T10:40:02.981+03:00  INFO 16680 --- [main] o.hibernate.jpa.internal.util.LogHelper  : HHH000204: Processing PersistenceUnitInfo [name: default]
2023-11-02T10:40:03.063+03:00  INFO 16680 --- [main] org.hibernate.Version                    : HHH000412: Hibernate ORM core version 6.2.9.Final
2023-11-02T10:40:03.067+03:00  INFO 16680 --- [main] org.hibernate.cfg.Environment            : HHH000406: Using bytecode reflection optimizer
2023-11-02T10:40:03.298+03:00  INFO 16680 --- [main] o.h.b.i.BytecodeProviderInitiator        : HHH000021: Bytecode provider name : bytebuddy
2023-11-02T10:40:03.496+03:00  INFO 16680 --- [main] o.s.o.j.p.SpringPersistenceUnitInfo      : No LoadTimeWeaver setup: ignoring JPA class transformer
2023-11-02T10:40:03.520+03:00  INFO 16680 --- [main] com.zaxxer.hikari.HikariDataSource       : HikariPool-1 - Starting...
2023-11-02T10:40:03.695+03:00  INFO 16680 --- [main] com.zaxxer.hikari.pool.HikariPool        : HikariPool-1 - Added connection org.postgresql.jdbc.PgConnection@4f676900
2023-11-02T10:40:03.698+03:00  INFO 16680 --- [main] com.zaxxer.hikari.HikariDataSource       : HikariPool-1 - Start completed.
2023-11-02T10:40:04.141+03:00  INFO 16680 --- [main] o.h.b.i.BytecodeProviderInitiator        : HHH000021: Bytecode provider name : bytebuddy
2023-11-02T10:40:05.024+03:00  INFO 16680 --- [main] o.h.e.t.j.p.i.JtaPlatformInitiator       : HHH000490: Using JtaPlatform implementation: [org.hibernate.engine.transaction.jta.platform.internal.NoJtaPlatform]
2023-11-02T10:40:05.199+03:00  INFO 16680 --- [main] j.LocalContainerEntityManagerFactoryBean : Initialized JPA EntityManagerFactory for persistence unit 'default'
2023-11-02T10:40:05.764+03:00  WARN 16680 --- [main] JpaBaseConfiguration$JpaWebConfiguration : spring.jpa.open-in-view is enabled by default. Therefore, database queries may be performed during view rendering. Explicitly configure spring.jpa.open-in-view to disable this warning
2023-11-02T10:40:06.774+03:00  INFO 16680 --- [main] o.s.b.a.e.web.EndpointLinksResolver      : Exposing 1 endpoint(s) beneath base path '/actuator'
2023-11-02T10:40:06.864+03:00  INFO 16680 --- [main] o.s.b.w.embedded.tomcat.TomcatWebServer  : Tomcat started on port(s): 8080 (http) with context path ''
2023-11-02T10:40:06.879+03:00  INFO 16680 --- [main] com.example.ToriApi.ToriApiApplication   : Started ToriApiApplication in 10.081 seconds (process running for 16.066)
2023-11-02T10:41:20.806+03:00  INFO 16680 --- [SpringApplicationShutdownHook] j.LocalContainerEntityManagerFactoryBean : Closing JPA EntityManagerFactory for persistence unit 'default'
2023-11-02T10:41:20.808+03:00  INFO 16680 --- [SpringApplicationShutdownHook] com.zaxxer.hikari.HikariDataSource       : HikariPool-1 - Shutdown initiated...
2023-11-02T10:41:20.813+03:00  INFO 16680 --- [SpringApplicationShutdownHook] com.zaxxer.hikari.HikariDataSource       : HikariPool-1 - Shutdown completed.
2023-11-02T18:25:40.108+03:00  INFO 8168 --- [main] com.example.ToriApi.ToriApiApplication   : Starting ToriApiApplication using Java 19.0.1 with PID 8168 (C:\Users\Bulat\Downloads\ToriApi\ToriApi\target\classes started by Bulat in C:\Users\Bulat\Downloads\ToriApi\ToriApi)
2023-11-02T18:25:40.110+03:00  INFO 8168 --- [main] com.example.ToriApi.ToriApiApplication   : No active profile set, falling back to 1 default profile: "default"
2023-11-02T18:25:40.197+03:00  INFO 8168 --- [main] .s.b.d.c.l.DockerComposeLifecycleManager : Using Docker Compose file 'C:\Users\Bulat\Downloads\ToriApi\ToriApi\compose.yaml'
2023-11-02T18:25:45.438+03:00  INFO 8168 --- [main] .s.d.r.c.RepositoryConfigurationDelegate : Bootstrapping Spring Data JPA repositories in DEFAULT mode.
2023-11-02T18:25:45.519+03:00  INFO 8168 --- [main] .s.d.r.c.RepositoryConfigurationDelegate : Finished Spring Data repository scanning in 69 ms. Found 3 JPA repository interfaces.
2023-11-02T18:25:46.228+03:00  INFO 8168 --- [main] o.s.b.w.embedded.tomcat.TomcatWebServer  : Tomcat initialized with port(s): 8080 (http)
2023-11-02T18:25:46.239+03:00  INFO 8168 --- [main] o.apache.catalina.core.StandardService   : Starting service [Tomcat]
2023-11-02T18:25:46.240+03:00  INFO 8168 --- [main] o.apache.catalina.core.StandardEngine    : Starting Servlet engine: [Apache Tomcat/10.1.13]
2023-11-02T18:25:46.356+03:00  INFO 8168 --- [main] o.a.c.c.C.[Tomcat].[localhost].[/]       : Initializing Spring embedded WebApplicationContext
2023-11-02T18:25:46.357+03:00  INFO 8168 --- [main] w.s.c.ServletWebServerApplicationContext : Root WebApplicationContext: initialization completed in 3270 ms
2023-11-02T18:25:46.658+03:00  INFO 8168 --- [main] o.hibernate.jpa.internal.util.LogHelper  : HHH000204: Processing PersistenceUnitInfo [name: default]
2023-11-02T18:25:46.738+03:00  INFO 8168 --- [main] org.hibernate.Version                    : HHH000412: Hibernate ORM core version 6.2.9.Final
2023-11-02T18:25:46.743+03:00  INFO 8168 --- [main] org.hibernate.cfg.Environment            : HHH000406: Using bytecode reflection optimizer
2023-11-02T18:25:46.953+03:00  INFO 8168 --- [main] o.h.b.i.BytecodeProviderInitiator        : HHH000021: Bytecode provider name : bytebuddy
2023-11-02T18:25:47.197+03:00  INFO 8168 --- [main] o.s.o.j.p.SpringPersistenceUnitInfo      : No LoadTimeWeaver setup: ignoring JPA class transformer
2023-11-02T18:25:47.217+03:00  INFO 8168 --- [main] com.zaxxer.hikari.HikariDataSource       : HikariPool-1 - Starting...
2023-11-02T18:25:47.360+03:00  INFO 8168 --- [main] com.zaxxer.hikari.pool.HikariPool        : HikariPool-1 - Added connection org.postgresql.jdbc.PgConnection@6a543e09
2023-11-02T18:25:47.361+03:00  INFO 8168 --- [main] com.zaxxer.hikari.HikariDataSource       : HikariPool-1 - Start completed.
2023-11-02T18:25:47.882+03:00  INFO 8168 --- [main] o.h.b.i.BytecodeProviderInitiator        : HHH000021: Bytecode provider name : bytebuddy
2023-11-02T18:25:49.440+03:00  INFO 8168 --- [main] o.h.e.t.j.p.i.JtaPlatformInitiator       : HHH000490: Using JtaPlatform implementation: [org.hibernate.engine.transaction.jta.platform.internal.NoJtaPlatform]
2023-11-02T18:25:49.609+03:00  INFO 8168 --- [main] j.LocalContainerEntityManagerFactoryBean : Initialized JPA EntityManagerFactory for persistence unit 'default'
2023-11-02T18:25:50.207+03:00  WARN 8168 --- [main] JpaBaseConfiguration$JpaWebConfiguration : spring.jpa.open-in-view is enabled by default. Therefore, database queries may be performed during view rendering. Explicitly configure spring.jpa.open-in-view to disable this warning
2023-11-02T18:25:51.353+03:00  INFO 8168 --- [main] o.s.b.a.e.web.EndpointLinksResolver      : Exposing 1 endpoint(s) beneath base path '/actuator'
2023-11-02T18:25:51.454+03:00  INFO 8168 --- [main] o.s.b.w.embedded.tomcat.TomcatWebServer  : Tomcat started on port(s): 8080 (http) with context path ''
2023-11-02T18:25:51.473+03:00  INFO 8168 --- [main] com.example.ToriApi.ToriApiApplication   : Started ToriApiApplication in 11.863 seconds (process running for 13.789)
2023-11-02T18:25:52.198+03:00  INFO 8168 --- [RMI TCP Connection(3)-172.27.128.1] o.a.c.c.C.[Tomcat].[localhost].[/]       : Initializing Spring DispatcherServlet 'dispatcherServlet'
2023-11-02T18:25:52.198+03:00  INFO 8168 --- [RMI TCP Connection(3)-172.27.128.1] o.s.web.servlet.DispatcherServlet        : Initializing Servlet 'dispatcherServlet'
2023-11-02T18:25:52.201+03:00  INFO 8168 --- [RMI TCP Connection(3)-172.27.128.1] o.s.web.servlet.DispatcherServlet        : Completed initialization in 3 ms
2023-11-02T18:26:02.200+03:00  INFO 8168 --- [http-nio-8080-exec-3] o.springdoc.api.AbstractOpenApiResource  : Init duration for springdoc-openapi is: 1242 ms
